Case #1: our language is impossible to understand
Case #2: there are twenty six factorial possibilities
Case #3: so it is okay if you want to just give up
Case #4: xoggk d yl wxo vkkvgo ekso uyl wonw sywy
Case #5: xkf yto akj
Case #6: yabba dabba yabba dabba yabba dabba yabba dabba yabba dabba yabba dabba yabba dabba yabba dooooooooo
Case #7: a b c d e f g h i j k l m n o p q r s t u v y w x y z now i know my abcs
Case #8: next time wont you sing with me
Case #9: i have bested fruit spike and moon now i shall best you the guy
Case #10: all your base are belong to error the spoony bard
Case #11: dr zaius dr zaius dr zaius dr zaius ooooooooooooh dr zaius
Case #12: thank you but the real googlerese is in another castle
Case #13: you better cut the pizza in four pieces because im not hungry enough to eat six
Case #14: you pissed off the chicken lady
Case #15: let lips do what hands do
Case #16: now that you know googlerese please do not use it to hack into our systems
Case #17: this here is gunpowder activated twenty seven caliber full auto no kickback nailthrowing mayhem
Case #18: right i forgot here in the states you call it a sausage in the mouth
Case #19: whoooooooooooooooooooaaaaaaaaa i know c plus plus
Case #20: swift as the wind quiet as the forest steady as the mountain
Case #21: you want sell things at me boing zooom
Case #22: our code jam is like the pythagorean theorem
Case #23: there is no answer
Case #24: oh hai im in ur computer eating your cheezburgers and googleresing your textz
Case #25: by the pricking of my thumbs something wicked this way comes
Case #26: im commander shepard and this is my favorite problem on the google code jam
Case #27: friends dont let friends let scientific progress go boink
Case #28: pneumonoultramicroscopicsilicovolcanoconiosis
Case #29: oh nooooo goggalor is headed for the orphanage
Case #30: oh my god lets make out
